<?xml version="1.0" encoding="UTF-8"?>
<!-- Generated by org.testng.reporters.JUnitXMLReporter -->
<testsuite hostname="DESKTOP-FIEMPM2" ignored="0" name="TestChrome" tests="4" failures="1" timestamp="23 Jan 2021 13:37:43 GMT" time="44.649" errors="0">
  <testcase name="loginTest" time="9.996" classname="com.MavenHybridTwo.TestCases.TC_LoginDDT_002"/>
  <testcase name="loginTest" time="9.969" classname="com.MavenHybridTwo.TestCases.TC_LoginDDT_002"/>
  <testcase name="loginTest" time="5.428" classname="com.MavenHybridTwo.TestCases.TC_LoginDDT_002">
    <failure type="java.lang.AssertionError" message="expected [true] but found [false]">
      <![CDATA[java.lang.AssertionError: expected [true] but found [false]
at com.MavenHybridTwo.TestCases.TC_LoginDDT_002.loginTest(TC_LoginDDT_002.java:43)
at java.util.concurrent.FutureTask.run(FutureTask.java:266)
at java.util.concurrent.ThreadPoolExecutor.runWorker(ThreadPoolExecutor.java:1149)
at java.util.concurrent.ThreadPoolExecutor$Worker.run(ThreadPoolExecutor.java:624)
at java.lang.Thread.run(Thread.java:748)
... Removed 20 stack frames]]>
    </failure>
  </testcase> <!-- loginTest -->
  <testcase name="loginTest" time="8.196" classname="com.MavenHybridTwo.TestCases.TC_LoginDDT_002"/>
</testsuite> <!-- TestChrome -->
